<?xml version="1.0" encoding="UTF-8"?>
<!-- Generated by org.testng.reporters.JUnitReportReporter -->
<testsuite hostname="DESKTOP-URHT7FC" failures="0" tests="1" name="testcases.TC_001_SampleFunc" time="2.602" errors="0" timestamp="2020-05-01T23:31:44 IST" skipped="0">
  <testcase classname="testcases.TC_001_SampleFunc" name="testcase" time="2.602"/>
  <system-out/>
</testsuite> <!-- testcases.TC_001_SampleFunc -->
