<?xml version="1.0" encoding="UTF-8"?>
<!-- Generated by org.testng.reporters.JUnitReportReporter -->
<testsuite hostname="DESKTOP-URHT7FC" failures="0" tests="1" name="testcases.TC_001_SampleFunc" time="9.870" errors="0" timestamp="2020-04-29T23:43:35 IST" skipped="0">
  <testcase classname="testcases.TC_001_SampleFunc" name="testcase" time="9.870"/>
  <system-out>
Clicked on By.cssSelector: input[id='btnLogin']  </system-out>
</testsuite> <!-- testcases.TC_001_SampleFunc -->
