<?xml version="1.0" encoding="UTF-8"?>
<!-- Generated by org.testng.reporters.JUnitReportReporter -->
<testsuite hostname="DESKTOP-URHT7FC" failures="0" tests="1" name="testcases.TC_002_SampleFunc" time="10.546" errors="0" timestamp="2020-04-29T23:31:08 IST" skipped="0">
  <testcase classname="testcases.TC_002_SampleFunc" name="testcase" time="10.546"/>
  <system-out>
Clicked on By.cssSelector: input[id='btnLogin']  </system-out>
</testsuite> <!-- testcases.TC_002_SampleFunc -->
